CRITICAL - 2023-07-08 19:07:51 --> You have not selected a database type to connect to.
in SYSTEMPATH\Database\Database.php on line 53.
 1 SYSTEMPATH\Database\Config.php(82): CodeIgniter\Database\Database->load([...], 'default')
 2 APPPATH\Models\Usuario.php(10): CodeIgniter\Database\Config::connect()
 3 APPPATH\Controllers\Home.php(19): App\Models\Usuario->__construct()
 4 SYSTEMPATH\CodeIgniter.php(934): App\Controllers\Home->login()
 5 SYSTEMPATH\CodeIgniter.php(499): CodeIgniter\CodeIgniter->runController(Object(App\Controllers\Home))
 6 SYSTEMPATH\CodeIgniter.php(368): CodeIgniter\CodeIgniter->handleRequest(null, Object(Config\Cache), false)
 7 FCPATH\index.php(67): CodeIgniter\CodeIgniter->run()
CRITICAL - 2023-07-08 19:08:09 --> You have not selected a database type to connect to.
in SYSTEMPATH\Database\Database.php on line 53.
 1 SYSTEMPATH\Database\Config.php(82): CodeIgniter\Database\Database->load([...], 'default')
 2 APPPATH\Models\Usuario.php(10): CodeIgniter\Database\Config::connect()
 3 APPPATH\Controllers\Home.php(19): App\Models\Usuario->__construct()
 4 SYSTEMPATH\CodeIgniter.php(934): App\Controllers\Home->login()
 5 SYSTEMPATH\CodeIgniter.php(499): CodeIgniter\CodeIgniter->runController(Object(App\Controllers\Home))
 6 SYSTEMPATH\CodeIgniter.php(368): CodeIgniter\CodeIgniter->handleRequest(null, Object(Config\Cache), false)
 7 FCPATH\index.php(67): CodeIgniter\CodeIgniter->run()
CRITICAL - 2023-07-08 19:10:02 --> Undefined array key "password"
in APPPATH\Controllers\Home.php on line 21.
 1 APPPATH\Controllers\Home.php(21): CodeIgniter\Debug\Exceptions->errorHandler(2, 'Undefined array key "password"', 'C:\\xampp\\htdocs\\FINAL_PROJECT\\app\\Controllers\\Home.php', 21)
 2 SYSTEMPATH\CodeIgniter.php(934): App\Controllers\Home->login()
 3 SYSTEMPATH\CodeIgniter.php(499): CodeIgniter\CodeIgniter->runController(Object(App\Controllers\Home))
 4 SYSTEMPATH\CodeIgniter.php(368): CodeIgniter\CodeIgniter->handleRequest(null, Object(Config\Cache), false)
 5 FCPATH\index.php(67): CodeIgniter\CodeIgniter->run()
CRITICAL - 2023-07-08 19:10:42 --> Undefined array key "password"
in APPPATH\Controllers\Home.php on line 21.
 1 APPPATH\Controllers\Home.php(21): CodeIgniter\Debug\Exceptions->errorHandler(2, 'Undefined array key "password"', 'C:\\xampp\\htdocs\\FINAL_PROJECT\\app\\Controllers\\Home.php', 21)
 2 SYSTEMPATH\CodeIgniter.php(934): App\Controllers\Home->login()
 3 SYSTEMPATH\CodeIgniter.php(499): CodeIgniter\CodeIgniter->runController(Object(App\Controllers\Home))
 4 SYSTEMPATH\CodeIgniter.php(368): CodeIgniter\CodeIgniter->handleRequest(null, Object(Config\Cache), false)
 5 FCPATH\index.php(67): CodeIgniter\CodeIgniter->run()
ERROR - 2023-07-08 19:16:43 --> mysqli_sql_exception: Column 'SupplierID' cannot be null in C:\xampp\htdocs\FINAL_PROJECT\system\Database\MySQLi\Connection.php:295
Stack trace:
#0 C:\xampp\htdocs\FINAL_PROJECT\system\Database\MySQLi\Connection.php(295): mysqli->query('INSERT INTO `pr...', 0)
#1 C:\xampp\htdocs\FINAL_PROJECT\system\Database\BaseConnection.php(692): CodeIgniter\Database\MySQLi\Connection->execute('INSERT INTO `pr...')
#2 C:\xampp\htdocs\FINAL_PROJECT\system\Database\BaseConnection.php(606): CodeIgniter\Database\BaseConnection->simpleQuery('INSERT INTO `pr...')
#3 C:\xampp\htdocs\FINAL_PROJECT\system\Database\BaseBuilder.php(2309): CodeIgniter\Database\BaseConnection->query('INSERT INTO `pr...', Array, false)
#4 C:\xampp\htdocs\FINAL_PROJECT\app\Models\Productos.php(32): CodeIgniter\Database\BaseBuilder->insert(Array)
#5 C:\xampp\htdocs\FINAL_PROJECT\app\Controllers\AdminMenu.php(61): App\Models\Productos->insertar_producto('Juan', NULL, NULL, '12', '12', 'gianfrnaco no p...', '1688843803_9cd1...')
#6 C:\xampp\htdocs\FINAL_PROJECT\system\CodeIgniter.php(934): App\Controllers\AdminMenu->insertar_producto()
#7 C:\xampp\htdocs\FINAL_PROJECT\system\CodeIgniter.php(499): CodeIgniter\CodeIgniter->runController(Object(App\Controllers\AdminMenu))
#8 C:\xampp\htdocs\FINAL_PROJECT\system\CodeIgniter.php(368): CodeIgniter\CodeIgniter->handleRequest(NULL, Object(Config\Cache), false)
#9 C:\xampp\htdocs\FINAL_PROJECT\public\index.php(67): CodeIgniter\CodeIgniter->run()
#10 {main}
CRITICAL - 2023-07-08 19:16:43 --> Column 'SupplierID' cannot be null
in SYSTEMPATH\Database\MySQLi\Connection.php on line 295.
 1 SYSTEMPATH\Database\MySQLi\Connection.php(295): mysqli->query('INSERT INTO `products` (`ProductName`, `SupplierID`, `CategoryID`, `Unit`, `Price`, `Description`, `Image`) VALUES (\'Juan\', NULL, NULL, \'12\', \'12\', \'gianfrnaco no puso bloc de notas\', \'1688843803_9cd1baa7e2cfbef40855.jpeg\')', 0)
 2 SYSTEMPATH\Database\BaseConnection.php(692): CodeIgniter\Database\MySQLi\Connection->execute('INSERT INTO `products` (`ProductName`, `SupplierID`, `CategoryID`, `Unit`, `Price`, `Description`, `Image`) VALUES (\'Juan\', NULL, NULL, \'12\', \'12\', \'gianfrnaco no puso bloc de notas\', \'1688843803_9cd1baa7e2cfbef40855.jpeg\')')
 3 SYSTEMPATH\Database\BaseConnection.php(606): CodeIgniter\Database\BaseConnection->simpleQuery('INSERT INTO `products` (`ProductName`, `SupplierID`, `CategoryID`, `Unit`, `Price`, `Description`, `Image`) VALUES (\'Juan\', NULL, NULL, \'12\', \'12\', \'gianfrnaco no puso bloc de notas\', \'1688843803_9cd1baa7e2cfbef40855.jpeg\')')
 4 SYSTEMPATH\Database\BaseBuilder.php(2309): CodeIgniter\Database\BaseConnection->query('INSERT INTO `products` (`ProductName`, `SupplierID`, `CategoryID`, `Unit`, `Price`, `Description`, `Image`) VALUES (:ProductName:, :SupplierID:, :CategoryID:, :Unit:, :Price:, :Description:, :Image:)', [...], false)
 5 APPPATH\Models\Productos.php(32): CodeIgniter\Database\BaseBuilder->insert([...])
 6 APPPATH\Controllers\AdminMenu.php(61): App\Models\Productos->insertar_producto('Juan', null, null, '12', '12', 'gianfrnaco no puso bloc de notas', '1688843803_9cd1baa7e2cfbef40855.jpeg')
 7 SYSTEMPATH\CodeIgniter.php(934): App\Controllers\AdminMenu->insertar_producto()
 8 SYSTEMPATH\CodeIgniter.php(499): CodeIgniter\CodeIgniter->runController(Object(App\Controllers\AdminMenu))
 9 SYSTEMPATH\CodeIgniter.php(368): CodeIgniter\CodeIgniter->handleRequest(null, Object(Config\Cache), false)
10 FCPATH\index.php(67): CodeIgniter\CodeIgniter->run()
ERROR - 2023-07-08 19:17:43 --> mysqli_sql_exception: Column 'CategoryID' cannot be null in C:\xampp\htdocs\FINAL_PROJECT\system\Database\MySQLi\Connection.php:295
Stack trace:
#0 C:\xampp\htdocs\FINAL_PROJECT\system\Database\MySQLi\Connection.php(295): mysqli->query('INSERT INTO `pr...', 0)
#1 C:\xampp\htdocs\FINAL_PROJECT\system\Database\BaseConnection.php(692): CodeIgniter\Database\MySQLi\Connection->execute('INSERT INTO `pr...')
#2 C:\xampp\htdocs\FINAL_PROJECT\system\Database\BaseConnection.php(606): CodeIgniter\Database\BaseConnection->simpleQuery('INSERT INTO `pr...')
#3 C:\xampp\htdocs\FINAL_PROJECT\system\Database\BaseBuilder.php(2309): CodeIgniter\Database\BaseConnection->query('INSERT INTO `pr...', Array, false)
#4 C:\xampp\htdocs\FINAL_PROJECT\app\Models\Productos.php(32): CodeIgniter\Database\BaseBuilder->insert(Array)
#5 C:\xampp\htdocs\FINAL_PROJECT\app\Controllers\AdminMenu.php(61): App\Models\Productos->insertar_producto('sadasdasas', '1', NULL, '', '', '', '1688843863_8022...')
#6 C:\xampp\htdocs\FINAL_PROJECT\system\CodeIgniter.php(934): App\Controllers\AdminMenu->insertar_producto()
#7 C:\xampp\htdocs\FINAL_PROJECT\system\CodeIgniter.php(499): CodeIgniter\CodeIgniter->runController(Object(App\Controllers\AdminMenu))
#8 C:\xampp\htdocs\FINAL_PROJECT\system\CodeIgniter.php(368): CodeIgniter\CodeIgniter->handleRequest(NULL, Object(Config\Cache), false)
#9 C:\xampp\htdocs\FINAL_PROJECT\public\index.php(67): CodeIgniter\CodeIgniter->run()
#10 {main}
CRITICAL - 2023-07-08 19:17:43 --> Column 'CategoryID' cannot be null
in SYSTEMPATH\Database\MySQLi\Connection.php on line 295.
 1 SYSTEMPATH\Database\MySQLi\Connection.php(295): mysqli->query('INSERT INTO `products` (`ProductName`, `SupplierID`, `CategoryID`, `Unit`, `Price`, `Description`, `Image`) VALUES (\'sadasdasas\', \'1\', NULL, \'\', \'\', \'\', \'1688843863_8022267d5357cfa28b11.jpeg\')', 0)
 2 SYSTEMPATH\Database\BaseConnection.php(692): CodeIgniter\Database\MySQLi\Connection->execute('INSERT INTO `products` (`ProductName`, `SupplierID`, `CategoryID`, `Unit`, `Price`, `Description`, `Image`) VALUES (\'sadasdasas\', \'1\', NULL, \'\', \'\', \'\', \'1688843863_8022267d5357cfa28b11.jpeg\')')
 3 SYSTEMPATH\Database\BaseConnection.php(606): CodeIgniter\Database\BaseConnection->simpleQuery('INSERT INTO `products` (`ProductName`, `SupplierID`, `CategoryID`, `Unit`, `Price`, `Description`, `Image`) VALUES (\'sadasdasas\', \'1\', NULL, \'\', \'\', \'\', \'1688843863_8022267d5357cfa28b11.jpeg\')')
 4 SYSTEMPATH\Database\BaseBuilder.php(2309): CodeIgniter\Database\BaseConnection->query('INSERT INTO `products` (`ProductName`, `SupplierID`, `CategoryID`, `Unit`, `Price`, `Description`, `Image`) VALUES (:ProductName:, :SupplierID:, :CategoryID:, :Unit:, :Price:, :Description:, :Image:)', [...], false)
 5 APPPATH\Models\Productos.php(32): CodeIgniter\Database\BaseBuilder->insert([...])
 6 APPPATH\Controllers\AdminMenu.php(61): App\Models\Productos->insertar_producto('sadasdasas', '1', null, '', '', '', '1688843863_8022267d5357cfa28b11.jpeg')
 7 SYSTEMPATH\CodeIgniter.php(934): App\Controllers\AdminMenu->insertar_producto()
 8 SYSTEMPATH\CodeIgniter.php(499): CodeIgniter\CodeIgniter->runController(Object(App\Controllers\AdminMenu))
 9 SYSTEMPATH\CodeIgniter.php(368): CodeIgniter\CodeIgniter->handleRequest(null, Object(Config\Cache), false)
10 FCPATH\index.php(67): CodeIgniter\CodeIgniter->run()
CRITICAL - 2023-07-08 19:19:25 --> Invalid file: "mostrar_image.php"
in SYSTEMPATH\Exceptions\FrameworkException.php on line 33.
 1 SYSTEMPATH\View\View.php(201): CodeIgniter\Exceptions\FrameworkException::forInvalidFile('mostrar_image.php')
 2 SYSTEMPATH\Common.php(1184): CodeIgniter\View\View->render('mostrar_image', [], true)
 3 APPPATH\Controllers\AdminMenu.php(77): view('mostrar_image', [...])
 4 SYSTEMPATH\CodeIgniter.php(934): App\Controllers\AdminMenu->mostrarImagen('1')
 5 SYSTEMPATH\CodeIgniter.php(499): CodeIgniter\CodeIgniter->runController(Object(App\Controllers\AdminMenu))
 6 SYSTEMPATH\CodeIgniter.php(368): CodeIgniter\CodeIgniter->handleRequest(null, Object(Config\Cache), false)
 7 FCPATH\index.php(67): CodeIgniter\CodeIgniter->run()
CRITICAL - 2023-07-08 19:19:36 --> Invalid file: "mostrar_image.php"
in SYSTEMPATH\Exceptions\FrameworkException.php on line 33.
 1 SYSTEMPATH\View\View.php(201): CodeIgniter\Exceptions\FrameworkException::forInvalidFile('mostrar_image.php')
 2 SYSTEMPATH\Common.php(1184): CodeIgniter\View\View->render('mostrar_image', [], true)
 3 APPPATH\Controllers\AdminMenu.php(77): view('mostrar_image', [...])
 4 SYSTEMPATH\CodeIgniter.php(934): App\Controllers\AdminMenu->mostrarImagen('1')
 5 SYSTEMPATH\CodeIgniter.php(499): CodeIgniter\CodeIgniter->runController(Object(App\Controllers\AdminMenu))
 6 SYSTEMPATH\CodeIgniter.php(368): CodeIgniter\CodeIgniter->handleRequest(null, Object(Config\Cache), false)
 7 FCPATH\index.php(67): CodeIgniter\CodeIgniter->run()
CRITICAL - 2023-07-08 19:19:39 --> Invalid file: "mostrar_image.php"
in SYSTEMPATH\Exceptions\FrameworkException.php on line 33.
 1 SYSTEMPATH\View\View.php(201): CodeIgniter\Exceptions\FrameworkException::forInvalidFile('mostrar_image.php')
 2 SYSTEMPATH\Common.php(1184): CodeIgniter\View\View->render('mostrar_image', [], true)
 3 APPPATH\Controllers\AdminMenu.php(77): view('mostrar_image', [...])
 4 SYSTEMPATH\CodeIgniter.php(934): App\Controllers\AdminMenu->mostrarImagen('1')
 5 SYSTEMPATH\CodeIgniter.php(499): CodeIgniter\CodeIgniter->runController(Object(App\Controllers\AdminMenu))
 6 SYSTEMPATH\CodeIgniter.php(368): CodeIgniter\CodeIgniter->handleRequest(null, Object(Config\Cache), false)
 7 FCPATH\index.php(67): CodeIgniter\CodeIgniter->run()
CRITICAL - 2023-07-08 19:45:37 --> Class "Productos" not found
in APPPATH\Views\mostrar_image.php on line 12.
 1 SYSTEMPATH\View\View.php(213): include()
 2 SYSTEMPATH\View\View.php(216): CodeIgniter\View\View->CodeIgniter\View\{closure}()
 3 SYSTEMPATH\Common.php(1184): CodeIgniter\View\View->render('mostrar_image', [], true)
 4 APPPATH\Controllers\AdminMenu.php(77): view('mostrar_image', [...])
 5 SYSTEMPATH\CodeIgniter.php(934): App\Controllers\AdminMenu->mostrarImagen('1')
 6 SYSTEMPATH\CodeIgniter.php(499): CodeIgniter\CodeIgniter->runController(Object(App\Controllers\AdminMenu))
 7 SYSTEMPATH\CodeIgniter.php(368): CodeIgniter\CodeIgniter->handleRequest(null, Object(Config\Cache), false)
 8 FCPATH\index.php(67): CodeIgniter\CodeIgniter->run()
CRITICAL - 2023-07-08 19:47:21 --> Class "Productos" not found
in APPPATH\Views\mostrar_image.php on line 12.
 1 SYSTEMPATH\View\View.php(213): include()
 2 SYSTEMPATH\View\View.php(216): CodeIgniter\View\View->CodeIgniter\View\{closure}()
 3 SYSTEMPATH\Common.php(1184): CodeIgniter\View\View->render('mostrar_image', [], true)
 4 APPPATH\Controllers\AdminMenu.php(77): view('mostrar_image', [...])
 5 SYSTEMPATH\CodeIgniter.php(934): App\Controllers\AdminMenu->mostrarImagen('1')
 6 SYSTEMPATH\CodeIgniter.php(499): CodeIgniter\CodeIgniter->runController(Object(App\Controllers\AdminMenu))
 7 SYSTEMPATH\CodeIgniter.php(368): CodeIgniter\CodeIgniter->handleRequest(null, Object(Config\Cache), false)
 8 FCPATH\index.php(67): CodeIgniter\CodeIgniter->run()
CRITICAL - 2023-07-08 19:49:05 --> Namespace declaration statement has to be the very first statement or after any declare call in the script
in APPPATH\Views\mostrar_image.php on line 12.
 1 [internal function]: CodeIgniter\Debug\Exceptions->shutdownHandler()
CRITICAL - 2023-07-08 19:49:59 --> Namespace declaration statement has to be the very first statement or after any declare call in the script
in APPPATH\Views\mostrar_image.php on line 12.
 1 [internal function]: CodeIgniter\Debug\Exceptions->shutdownHandler()
CRITICAL - 2023-07-08 19:50:01 --> Namespace declaration statement has to be the very first statement or after any declare call in the script
in APPPATH\Views\mostrar_image.php on line 12.
 1 [internal function]: CodeIgniter\Debug\Exceptions->shutdownHandler()
CRITICAL - 2023-07-08 19:50:16 --> Namespace declaration statement has to be the very first statement or after any declare call in the script
in APPPATH\Views\mostrar_image.php on line 13.
 1 [internal function]: CodeIgniter\Debug\Exceptions->shutdownHandler()
CRITICAL - 2023-07-08 19:50:25 --> Class "Productos" not found
in APPPATH\Views\mostrar_image.php on line 16.
 1 SYSTEMPATH\View\View.php(213): include()
 2 SYSTEMPATH\View\View.php(216): CodeIgniter\View\View->CodeIgniter\View\{closure}()
 3 SYSTEMPATH\Common.php(1184): CodeIgniter\View\View->render('mostrar_image', [], true)
 4 APPPATH\Controllers\AdminMenu.php(77): view('mostrar_image', [...])
 5 SYSTEMPATH\CodeIgniter.php(934): App\Controllers\AdminMenu->mostrarImagen('1')
 6 SYSTEMPATH\CodeIgniter.php(499): CodeIgniter\CodeIgniter->runController(Object(App\Controllers\AdminMenu))
 7 SYSTEMPATH\CodeIgniter.php(368): CodeIgniter\CodeIgniter->handleRequest(null, Object(Config\Cache), false)
 8 FCPATH\index.php(67): CodeIgniter\CodeIgniter->run()
CRITICAL - 2023-07-08 19:52:38 --> Class "Productos" not found
in APPPATH\Views\mostrar_image.php on line 16.
 1 SYSTEMPATH\View\View.php(213): include()
 2 SYSTEMPATH\View\View.php(216): CodeIgniter\View\View->CodeIgniter\View\{closure}()
 3 SYSTEMPATH\Common.php(1184): CodeIgniter\View\View->render('mostrar_image', [], true)
 4 APPPATH\Controllers\AdminMenu.php(81): view('mostrar_image', [...])
 5 SYSTEMPATH\CodeIgniter.php(934): App\Controllers\AdminMenu->mostrarImagen('1')
 6 SYSTEMPATH\CodeIgniter.php(499): CodeIgniter\CodeIgniter->runController(Object(App\Controllers\AdminMenu))
 7 SYSTEMPATH\CodeIgniter.php(368): CodeIgniter\CodeIgniter->handleRequest(null, Object(Config\Cache), false)
 8 FCPATH\index.php(67): CodeIgniter\CodeIgniter->run()
CRITICAL - 2023-07-08 19:52:46 --> Class "Productos" not found
in APPPATH\Views\mostrar_image.php on line 16.
 1 SYSTEMPATH\View\View.php(213): include()
 2 SYSTEMPATH\View\View.php(216): CodeIgniter\View\View->CodeIgniter\View\{closure}()
 3 SYSTEMPATH\Common.php(1184): CodeIgniter\View\View->render('mostrar_image', [], true)
 4 APPPATH\Controllers\AdminMenu.php(81): view('mostrar_image', [...])
 5 SYSTEMPATH\CodeIgniter.php(934): App\Controllers\AdminMenu->mostrarImagen('1')
 6 SYSTEMPATH\CodeIgniter.php(499): CodeIgniter\CodeIgniter->runController(Object(App\Controllers\AdminMenu))
 7 SYSTEMPATH\CodeIgniter.php(368): CodeIgniter\CodeIgniter->handleRequest(null, Object(Config\Cache), false)
 8 FCPATH\index.php(67): CodeIgniter\CodeIgniter->run()
CRITICAL - 2023-07-08 19:53:52 --> Undefined array key "id"
in APPPATH\Views\mostrar_image.php on line 16.
 1 APPPATH\Views\mostrar_image.php(16): CodeIgniter\Debug\Exceptions->errorHandler(2, 'Undefined array key "id"', 'C:\\xampp\\htdocs\\FINAL_PROJECT\\app\\Views\\mostrar_image.php', 16)
 2 SYSTEMPATH\View\View.php(213): include('C:\\xampp\\htdocs\\FINAL_PROJECT\\app\\Views\\mostrar_image.php')
 3 SYSTEMPATH\View\View.php(216): CodeIgniter\View\View->CodeIgniter\View\{closure}()
 4 SYSTEMPATH\Common.php(1184): CodeIgniter\View\View->render('mostrar_image', [], true)
 5 APPPATH\Controllers\AdminMenu.php(77): view('mostrar_image', [...])
 6 SYSTEMPATH\CodeIgniter.php(934): App\Controllers\AdminMenu->mostrarImagen('1')
 7 SYSTEMPATH\CodeIgniter.php(499): CodeIgniter\CodeIgniter->runController(Object(App\Controllers\AdminMenu))
 8 SYSTEMPATH\CodeIgniter.php(368): CodeIgniter\CodeIgniter->handleRequest(null, Object(Config\Cache), false)
 9 FCPATH\index.php(67): CodeIgniter\CodeIgniter->run()
CRITICAL - 2023-07-08 19:54:09 --> Undefined array key "ProductId"
in APPPATH\Views\mostrar_image.php on line 16.
 1 APPPATH\Views\mostrar_image.php(16): CodeIgniter\Debug\Exceptions->errorHandler(2, 'Undefined array key "ProductId"', 'C:\\xampp\\htdocs\\FINAL_PROJECT\\app\\Views\\mostrar_image.php', 16)
 2 SYSTEMPATH\View\View.php(213): include('C:\\xampp\\htdocs\\FINAL_PROJECT\\app\\Views\\mostrar_image.php')
 3 SYSTEMPATH\View\View.php(216): CodeIgniter\View\View->CodeIgniter\View\{closure}()
 4 SYSTEMPATH\Common.php(1184): CodeIgniter\View\View->render('mostrar_image', [], true)
 5 APPPATH\Controllers\AdminMenu.php(77): view('mostrar_image', [...])
 6 SYSTEMPATH\CodeIgniter.php(934): App\Controllers\AdminMenu->mostrarImagen('1')
 7 SYSTEMPATH\CodeIgniter.php(499): CodeIgniter\CodeIgniter->runController(Object(App\Controllers\AdminMenu))
 8 SYSTEMPATH\CodeIgniter.php(368): CodeIgniter\CodeIgniter->handleRequest(null, Object(Config\Cache), false)
 9 FCPATH\index.php(67): CodeIgniter\CodeIgniter->run()
CRITICAL - 2023-07-08 20:09:28 --> Cannot redeclare App\Controllers\AdminMenu::mostrarImagen()
in APPPATH\Controllers\AdminMenu.php on line 85.
 1 [internal function]: CodeIgniter\Debug\Exceptions->shutdownHandler()
