CRITICAL - 2023-07-07 23:31:24 --> You have not selected a database type to connect to.
in SYSTEMPATH\Database\Database.php on line 53.
 1 SYSTEMPATH\Database\Config.php(82): CodeIgniter\Database\Database->load([...], 'default')
 2 SYSTEMPATH\Database\Config.php(137): CodeIgniter\Database\Config::connect('default')
 3 APPPATH\Controllers\Home.php(9): CodeIgniter\Database\Config::seeder()
 4 SYSTEMPATH\CodeIgniter.php(934): App\Controllers\Home->index()
 5 SYSTEMPATH\CodeIgniter.php(499): CodeIgniter\CodeIgniter->runController(Object(App\Controllers\Home))
 6 SYSTEMPATH\CodeIgniter.php(368): CodeIgniter\CodeIgniter->handleRequest(null, Object(Config\Cache), false)
 7 FCPATH\index.php(67): CodeIgniter\CodeIgniter->run()
CRITICAL - 2023-07-07 23:32:07 --> You have not selected a database type to connect to.
in SYSTEMPATH\Database\Database.php on line 53.
 1 SYSTEMPATH\Database\Config.php(82): CodeIgniter\Database\Database->load([...], 'default')
 2 SYSTEMPATH\Database\Config.php(137): CodeIgniter\Database\Config::connect('default')
 3 APPPATH\Controllers\Home.php(9): CodeIgniter\Database\Config::seeder()
 4 SYSTEMPATH\CodeIgniter.php(934): App\Controllers\Home->index()
 5 SYSTEMPATH\CodeIgniter.php(499): CodeIgniter\CodeIgniter->runController(Object(App\Controllers\Home))
 6 SYSTEMPATH\CodeIgniter.php(368): CodeIgniter\CodeIgniter->handleRequest(null, Object(Config\Cache), false)
 7 FCPATH\index.php(67): CodeIgniter\CodeIgniter->run()
CRITICAL - 2023-07-07 23:34:25 --> You have not selected a database type to connect to.
in SYSTEMPATH\Database\Database.php on line 53.
 1 SYSTEMPATH\Database\Config.php(82): CodeIgniter\Database\Database->load([...], 'default')
 2 SYSTEMPATH\Database\Config.php(137): CodeIgniter\Database\Config::connect('default')
 3 APPPATH\Controllers\Home.php(9): CodeIgniter\Database\Config::seeder()
 4 SYSTEMPATH\CodeIgniter.php(934): App\Controllers\Home->index()
 5 SYSTEMPATH\CodeIgniter.php(499): CodeIgniter\CodeIgniter->runController(Object(App\Controllers\Home))
 6 SYSTEMPATH\CodeIgniter.php(368): CodeIgniter\CodeIgniter->handleRequest(null, Object(Config\Cache), false)
 7 FCPATH\index.php(67): CodeIgniter\CodeIgniter->run()
CRITICAL - 2023-07-07 23:34:26 --> You have not selected a database type to connect to.
in SYSTEMPATH\Database\Database.php on line 53.
 1 SYSTEMPATH\Database\Config.php(82): CodeIgniter\Database\Database->load([...], 'default')
 2 SYSTEMPATH\Database\Config.php(137): CodeIgniter\Database\Config::connect('default')
 3 APPPATH\Controllers\Home.php(9): CodeIgniter\Database\Config::seeder()
 4 SYSTEMPATH\CodeIgniter.php(934): App\Controllers\Home->index()
 5 SYSTEMPATH\CodeIgniter.php(499): CodeIgniter\CodeIgniter->runController(Object(App\Controllers\Home))
 6 SYSTEMPATH\CodeIgniter.php(368): CodeIgniter\CodeIgniter->handleRequest(null, Object(Config\Cache), false)
 7 FCPATH\index.php(67): CodeIgniter\CodeIgniter->run()
CRITICAL - 2023-07-07 23:34:26 --> You have not selected a database type to connect to.
in SYSTEMPATH\Database\Database.php on line 53.
 1 SYSTEMPATH\Database\Config.php(82): CodeIgniter\Database\Database->load([...], 'default')
 2 SYSTEMPATH\Database\Config.php(137): CodeIgniter\Database\Config::connect('default')
 3 APPPATH\Controllers\Home.php(9): CodeIgniter\Database\Config::seeder()
 4 SYSTEMPATH\CodeIgniter.php(934): App\Controllers\Home->index()
 5 SYSTEMPATH\CodeIgniter.php(499): CodeIgniter\CodeIgniter->runController(Object(App\Controllers\Home))
 6 SYSTEMPATH\CodeIgniter.php(368): CodeIgniter\CodeIgniter->handleRequest(null, Object(Config\Cache), false)
 7 FCPATH\index.php(67): CodeIgniter\CodeIgniter->run()
CRITICAL - 2023-07-07 23:34:42 --> You have not selected a database type to connect to.
in SYSTEMPATH\Database\Database.php on line 53.
 1 SYSTEMPATH\Database\Config.php(82): CodeIgniter\Database\Database->load([...], 'default')
 2 SYSTEMPATH\Database\Config.php(137): CodeIgniter\Database\Config::connect('default')
 3 APPPATH\Controllers\Home.php(9): CodeIgniter\Database\Config::seeder()
 4 SYSTEMPATH\CodeIgniter.php(934): App\Controllers\Home->index()
 5 SYSTEMPATH\CodeIgniter.php(499): CodeIgniter\CodeIgniter->runController(Object(App\Controllers\Home))
 6 SYSTEMPATH\CodeIgniter.php(368): CodeIgniter\CodeIgniter->handleRequest(null, Object(Config\Cache), false)
 7 FCPATH\index.php(67): CodeIgniter\CodeIgniter->run()
CRITICAL - 2023-07-07 23:34:43 --> You have not selected a database type to connect to.
in SYSTEMPATH\Database\Database.php on line 53.
 1 SYSTEMPATH\Database\Config.php(82): CodeIgniter\Database\Database->load([...], 'default')
 2 SYSTEMPATH\Database\Config.php(137): CodeIgniter\Database\Config::connect('default')
 3 APPPATH\Controllers\Home.php(9): CodeIgniter\Database\Config::seeder()
 4 SYSTEMPATH\CodeIgniter.php(934): App\Controllers\Home->index()
 5 SYSTEMPATH\CodeIgniter.php(499): CodeIgniter\CodeIgniter->runController(Object(App\Controllers\Home))
 6 SYSTEMPATH\CodeIgniter.php(368): CodeIgniter\CodeIgniter->handleRequest(null, Object(Config\Cache), false)
 7 FCPATH\index.php(67): CodeIgniter\CodeIgniter->run()
