CRITICAL - 2023-08-02 03:12:40 --> Invalid file: "polos.php"
in SYSTEMPATH\Exceptions\FrameworkException.php on line 33.
 1 SYSTEMPATH\View\View.php(201): CodeIgniter\Exceptions\FrameworkException::forInvalidFile('polos.php')
 2 SYSTEMPATH\Common.php(1184): CodeIgniter\View\View->render('polos', [], true)
 3 APPPATH\Controllers\Ropas.php(97): view('polos', [...])
 4 SYSTEMPATH\CodeIgniter.php(934): App\Controllers\Ropas->redireccionar()
 5 SYSTEMPATH\CodeIgniter.php(499): CodeIgniter\CodeIgniter->runController(Object(App\Controllers\Ropas))
 6 SYSTEMPATH\CodeIgniter.php(368): CodeIgniter\CodeIgniter->handleRequest(null, Object(Config\Cache), false)
 7 FCPATH\index.php(67): CodeIgniter\CodeIgniter->run()
CRITICAL - 2023-08-02 03:12:43 --> Invalid file: "polos.php"
in SYSTEMPATH\Exceptions\FrameworkException.php on line 33.
 1 SYSTEMPATH\View\View.php(201): CodeIgniter\Exceptions\FrameworkException::forInvalidFile('polos.php')
 2 SYSTEMPATH\Common.php(1184): CodeIgniter\View\View->render('polos', [], true)
 3 APPPATH\Controllers\Ropas.php(97): view('polos', [...])
 4 SYSTEMPATH\CodeIgniter.php(934): App\Controllers\Ropas->redireccionar()
 5 SYSTEMPATH\CodeIgniter.php(499): CodeIgniter\CodeIgniter->runController(Object(App\Controllers\Ropas))
 6 SYSTEMPATH\CodeIgniter.php(368): CodeIgniter\CodeIgniter->handleRequest(null, Object(Config\Cache), false)
 7 FCPATH\index.php(67): CodeIgniter\CodeIgniter->run()
CRITICAL - 2023-08-02 03:12:44 --> Invalid file: "polos.php"
in SYSTEMPATH\Exceptions\FrameworkException.php on line 33.
 1 SYSTEMPATH\View\View.php(201): CodeIgniter\Exceptions\FrameworkException::forInvalidFile('polos.php')
 2 SYSTEMPATH\Common.php(1184): CodeIgniter\View\View->render('polos', [], true)
 3 APPPATH\Controllers\Ropas.php(97): view('polos', [...])
 4 SYSTEMPATH\CodeIgniter.php(934): App\Controllers\Ropas->redireccionar()
 5 SYSTEMPATH\CodeIgniter.php(499): CodeIgniter\CodeIgniter->runController(Object(App\Controllers\Ropas))
 6 SYSTEMPATH\CodeIgniter.php(368): CodeIgniter\CodeIgniter->handleRequest(null, Object(Config\Cache), false)
 7 FCPATH\index.php(67): CodeIgniter\CodeIgniter->run()
CRITICAL - 2023-08-02 03:12:45 --> Invalid file: "polos.php"
in SYSTEMPATH\Exceptions\FrameworkException.php on line 33.
 1 SYSTEMPATH\View\View.php(201): CodeIgniter\Exceptions\FrameworkException::forInvalidFile('polos.php')
 2 SYSTEMPATH\Common.php(1184): CodeIgniter\View\View->render('polos', [], true)
 3 APPPATH\Controllers\Ropas.php(97): view('polos', [...])
 4 SYSTEMPATH\CodeIgniter.php(934): App\Controllers\Ropas->redireccionar()
 5 SYSTEMPATH\CodeIgniter.php(499): CodeIgniter\CodeIgniter->runController(Object(App\Controllers\Ropas))
 6 SYSTEMPATH\CodeIgniter.php(368): CodeIgniter\CodeIgniter->handleRequest(null, Object(Config\Cache), false)
 7 FCPATH\index.php(67): CodeIgniter\CodeIgniter->run()
ERROR - 2023-08-02 04:03:37 --> Error connecting to the database: mysqli_sql_exception: No se puede establecer una conexión ya que el equipo de destino denegó expresamente dicha conexión in C:\xampp\htdocs\FINAL_PROJECT\system\Database\MySQLi\Connection.php:174
Stack trace:
#0 C:\xampp\htdocs\FINAL_PROJECT\system\Database\MySQLi\Connection.php(174): mysqli->real_connect('localhost', 'root', '', 'mydb', 3307, '', 0)
#1 C:\xampp\htdocs\FINAL_PROJECT\system\Database\BaseConnection.php(391): CodeIgniter\Database\MySQLi\Connection->connect(false)
#2 C:\xampp\htdocs\FINAL_PROJECT\system\Database\BaseConnection.php(574): CodeIgniter\Database\BaseConnection->initialize()
#3 C:\xampp\htdocs\FINAL_PROJECT\system\Database\BaseBuilder.php(1616): CodeIgniter\Database\BaseConnection->query('SELECT *\nFROM `...', Array, false)
#4 C:\xampp\htdocs\FINAL_PROJECT\system\Model.php(241): CodeIgniter\Database\BaseBuilder->get()
#5 C:\xampp\htdocs\FINAL_PROJECT\system\BaseModel.php(618): CodeIgniter\Model->doFindAll(0, 0)
#6 C:\xampp\htdocs\FINAL_PROJECT\app\Controllers\Ropas.php(12): CodeIgniter\BaseModel->findAll()
#7 C:\xampp\htdocs\FINAL_PROJECT\system\CodeIgniter.php(934): App\Controllers\Ropas->polos()
#8 C:\xampp\htdocs\FINAL_PROJECT\system\CodeIgniter.php(499): CodeIgniter\CodeIgniter->runController(Object(App\Controllers\Ropas))
#9 C:\xampp\htdocs\FINAL_PROJECT\system\CodeIgniter.php(368): CodeIgniter\CodeIgniter->handleRequest(NULL, Object(Config\Cache), false)
#10 C:\xampp\htdocs\FINAL_PROJECT\public\index.php(67): CodeIgniter\CodeIgniter->run()
#11 {main}

Next CodeIgniter\Database\Exceptions\DatabaseException: No se puede establecer una conexión ya que el equipo de destino denegó expresamente dicha conexión in C:\xampp\htdocs\FINAL_PROJECT\system\Database\MySQLi\Connection.php:218
Stack trace:
#0 C:\xampp\htdocs\FINAL_PROJECT\system\Database\BaseConnection.php(391): CodeIgniter\Database\MySQLi\Connection->connect(false)
#1 C:\xampp\htdocs\FINAL_PROJECT\system\Database\BaseConnection.php(574): CodeIgniter\Database\BaseConnection->initialize()
#2 C:\xampp\htdocs\FINAL_PROJECT\system\Database\BaseBuilder.php(1616): CodeIgniter\Database\BaseConnection->query('SELECT *\nFROM `...', Array, false)
#3 C:\xampp\htdocs\FINAL_PROJECT\system\Model.php(241): CodeIgniter\Database\BaseBuilder->get()
#4 C:\xampp\htdocs\FINAL_PROJECT\system\BaseModel.php(618): CodeIgniter\Model->doFindAll(0, 0)
#5 C:\xampp\htdocs\FINAL_PROJECT\app\Controllers\Ropas.php(12): CodeIgniter\BaseModel->findAll()
#6 C:\xampp\htdocs\FINAL_PROJECT\system\CodeIgniter.php(934): App\Controllers\Ropas->polos()
#7 C:\xampp\htdocs\FINAL_PROJECT\system\CodeIgniter.php(499): CodeIgniter\CodeIgniter->runController(Object(App\Controllers\Ropas))
#8 C:\xampp\htdocs\FINAL_PROJECT\system\CodeIgniter.php(368): CodeIgniter\CodeIgniter->handleRequest(NULL, Object(Config\Cache), false)
#9 C:\xampp\htdocs\FINAL_PROJECT\public\index.php(67): CodeIgniter\CodeIgniter->run()
#10 {main}
CRITICAL - 2023-08-02 04:03:37 --> Unable to connect to the database.
Main connection [MySQLi]: No se puede establecer una conexión ya que el equipo de destino denegó expresamente dicha conexión
in SYSTEMPATH\Database\BaseConnection.php on line 427.
 1 SYSTEMPATH\Database\BaseConnection.php(574): CodeIgniter\Database\BaseConnection->initialize()
 2 SYSTEMPATH\Database\BaseBuilder.php(1616): CodeIgniter\Database\BaseConnection->query('SELECT *
FROM `products`', [], false)
 3 SYSTEMPATH\Model.php(241): CodeIgniter\Database\BaseBuilder->get()
 4 SYSTEMPATH\BaseModel.php(618): CodeIgniter\Model->doFindAll(0, 0)
 5 APPPATH\Controllers\Ropas.php(12): CodeIgniter\BaseModel->findAll()
 6 SYSTEMPATH\CodeIgniter.php(934): App\Controllers\Ropas->polos()
 7 SYSTEMPATH\CodeIgniter.php(499): CodeIgniter\CodeIgniter->runController(Object(App\Controllers\Ropas))
 8 SYSTEMPATH\CodeIgniter.php(368): CodeIgniter\CodeIgniter->handleRequest(null, Object(Config\Cache), false)
 9 FCPATH\index.php(67): CodeIgniter\CodeIgniter->run()
ERROR - 2023-08-02 04:03:39 --> Error connecting to the database: mysqli_sql_exception: No se puede establecer una conexión ya que el equipo de destino denegó expresamente dicha conexión in C:\xampp\htdocs\FINAL_PROJECT\system\Database\MySQLi\Connection.php:174
Stack trace:
#0 C:\xampp\htdocs\FINAL_PROJECT\system\Database\MySQLi\Connection.php(174): mysqli->real_connect('localhost', 'root', '', 'mydb', 3307, '', 0)
#1 C:\xampp\htdocs\FINAL_PROJECT\system\Database\BaseConnection.php(391): CodeIgniter\Database\MySQLi\Connection->connect(false)
#2 C:\xampp\htdocs\FINAL_PROJECT\system\Database\BaseConnection.php(574): CodeIgniter\Database\BaseConnection->initialize()
#3 C:\xampp\htdocs\FINAL_PROJECT\system\Database\BaseBuilder.php(1616): CodeIgniter\Database\BaseConnection->query('SELECT *\nFROM `...', Array, false)
#4 C:\xampp\htdocs\FINAL_PROJECT\system\Model.php(241): CodeIgniter\Database\BaseBuilder->get()
#5 C:\xampp\htdocs\FINAL_PROJECT\system\BaseModel.php(618): CodeIgniter\Model->doFindAll(0, 0)
#6 C:\xampp\htdocs\FINAL_PROJECT\app\Controllers\Ropas.php(12): CodeIgniter\BaseModel->findAll()
#7 C:\xampp\htdocs\FINAL_PROJECT\system\CodeIgniter.php(934): App\Controllers\Ropas->polos()
#8 C:\xampp\htdocs\FINAL_PROJECT\system\CodeIgniter.php(499): CodeIgniter\CodeIgniter->runController(Object(App\Controllers\Ropas))
#9 C:\xampp\htdocs\FINAL_PROJECT\system\CodeIgniter.php(368): CodeIgniter\CodeIgniter->handleRequest(NULL, Object(Config\Cache), false)
#10 C:\xampp\htdocs\FINAL_PROJECT\public\index.php(67): CodeIgniter\CodeIgniter->run()
#11 {main}

Next CodeIgniter\Database\Exceptions\DatabaseException: No se puede establecer una conexión ya que el equipo de destino denegó expresamente dicha conexión in C:\xampp\htdocs\FINAL_PROJECT\system\Database\MySQLi\Connection.php:218
Stack trace:
#0 C:\xampp\htdocs\FINAL_PROJECT\system\Database\BaseConnection.php(391): CodeIgniter\Database\MySQLi\Connection->connect(false)
#1 C:\xampp\htdocs\FINAL_PROJECT\system\Database\BaseConnection.php(574): CodeIgniter\Database\BaseConnection->initialize()
#2 C:\xampp\htdocs\FINAL_PROJECT\system\Database\BaseBuilder.php(1616): CodeIgniter\Database\BaseConnection->query('SELECT *\nFROM `...', Array, false)
#3 C:\xampp\htdocs\FINAL_PROJECT\system\Model.php(241): CodeIgniter\Database\BaseBuilder->get()
#4 C:\xampp\htdocs\FINAL_PROJECT\system\BaseModel.php(618): CodeIgniter\Model->doFindAll(0, 0)
#5 C:\xampp\htdocs\FINAL_PROJECT\app\Controllers\Ropas.php(12): CodeIgniter\BaseModel->findAll()
#6 C:\xampp\htdocs\FINAL_PROJECT\system\CodeIgniter.php(934): App\Controllers\Ropas->polos()
#7 C:\xampp\htdocs\FINAL_PROJECT\system\CodeIgniter.php(499): CodeIgniter\CodeIgniter->runController(Object(App\Controllers\Ropas))
#8 C:\xampp\htdocs\FINAL_PROJECT\system\CodeIgniter.php(368): CodeIgniter\CodeIgniter->handleRequest(NULL, Object(Config\Cache), false)
#9 C:\xampp\htdocs\FINAL_PROJECT\public\index.php(67): CodeIgniter\CodeIgniter->run()
#10 {main}
CRITICAL - 2023-08-02 04:03:39 --> Unable to connect to the database.
Main connection [MySQLi]: No se puede establecer una conexión ya que el equipo de destino denegó expresamente dicha conexión
in SYSTEMPATH\Database\BaseConnection.php on line 427.
 1 SYSTEMPATH\Database\BaseConnection.php(574): CodeIgniter\Database\BaseConnection->initialize()
 2 SYSTEMPATH\Database\BaseBuilder.php(1616): CodeIgniter\Database\BaseConnection->query('SELECT *
FROM `products`', [], false)
 3 SYSTEMPATH\Model.php(241): CodeIgniter\Database\BaseBuilder->get()
 4 SYSTEMPATH\BaseModel.php(618): CodeIgniter\Model->doFindAll(0, 0)
 5 APPPATH\Controllers\Ropas.php(12): CodeIgniter\BaseModel->findAll()
 6 SYSTEMPATH\CodeIgniter.php(934): App\Controllers\Ropas->polos()
 7 SYSTEMPATH\CodeIgniter.php(499): CodeIgniter\CodeIgniter->runController(Object(App\Controllers\Ropas))
 8 SYSTEMPATH\CodeIgniter.php(368): CodeIgniter\CodeIgniter->handleRequest(null, Object(Config\Cache), false)
 9 FCPATH\index.php(67): CodeIgniter\CodeIgniter->run()
ERROR - 2023-08-02 04:03:58 --> Error connecting to the database: mysqli_sql_exception: No se puede establecer una conexión ya que el equipo de destino denegó expresamente dicha conexión in C:\xampp\htdocs\FINAL_PROJECT\system\Database\MySQLi\Connection.php:174
Stack trace:
#0 C:\xampp\htdocs\FINAL_PROJECT\system\Database\MySQLi\Connection.php(174): mysqli->real_connect('localhost', 'root', '', 'mydb', 3307, '', 0)
#1 C:\xampp\htdocs\FINAL_PROJECT\system\Database\BaseConnection.php(391): CodeIgniter\Database\MySQLi\Connection->connect(false)
#2 C:\xampp\htdocs\FINAL_PROJECT\system\Database\BaseConnection.php(574): CodeIgniter\Database\BaseConnection->initialize()
#3 C:\xampp\htdocs\FINAL_PROJECT\system\Database\BaseBuilder.php(1616): CodeIgniter\Database\BaseConnection->query('SELECT *\nFROM `...', Array, false)
#4 C:\xampp\htdocs\FINAL_PROJECT\system\Model.php(241): CodeIgniter\Database\BaseBuilder->get()
#5 C:\xampp\htdocs\FINAL_PROJECT\system\BaseModel.php(618): CodeIgniter\Model->doFindAll(0, 0)
#6 C:\xampp\htdocs\FINAL_PROJECT\app\Controllers\Ropas.php(12): CodeIgniter\BaseModel->findAll()
#7 C:\xampp\htdocs\FINAL_PROJECT\system\CodeIgniter.php(934): App\Controllers\Ropas->polos()
#8 C:\xampp\htdocs\FINAL_PROJECT\system\CodeIgniter.php(499): CodeIgniter\CodeIgniter->runController(Object(App\Controllers\Ropas))
#9 C:\xampp\htdocs\FINAL_PROJECT\system\CodeIgniter.php(368): CodeIgniter\CodeIgniter->handleRequest(NULL, Object(Config\Cache), false)
#10 C:\xampp\htdocs\FINAL_PROJECT\public\index.php(67): CodeIgniter\CodeIgniter->run()
#11 {main}

Next CodeIgniter\Database\Exceptions\DatabaseException: No se puede establecer una conexión ya que el equipo de destino denegó expresamente dicha conexión in C:\xampp\htdocs\FINAL_PROJECT\system\Database\MySQLi\Connection.php:218
Stack trace:
#0 C:\xampp\htdocs\FINAL_PROJECT\system\Database\BaseConnection.php(391): CodeIgniter\Database\MySQLi\Connection->connect(false)
#1 C:\xampp\htdocs\FINAL_PROJECT\system\Database\BaseConnection.php(574): CodeIgniter\Database\BaseConnection->initialize()
#2 C:\xampp\htdocs\FINAL_PROJECT\system\Database\BaseBuilder.php(1616): CodeIgniter\Database\BaseConnection->query('SELECT *\nFROM `...', Array, false)
#3 C:\xampp\htdocs\FINAL_PROJECT\system\Model.php(241): CodeIgniter\Database\BaseBuilder->get()
#4 C:\xampp\htdocs\FINAL_PROJECT\system\BaseModel.php(618): CodeIgniter\Model->doFindAll(0, 0)
#5 C:\xampp\htdocs\FINAL_PROJECT\app\Controllers\Ropas.php(12): CodeIgniter\BaseModel->findAll()
#6 C:\xampp\htdocs\FINAL_PROJECT\system\CodeIgniter.php(934): App\Controllers\Ropas->polos()
#7 C:\xampp\htdocs\FINAL_PROJECT\system\CodeIgniter.php(499): CodeIgniter\CodeIgniter->runController(Object(App\Controllers\Ropas))
#8 C:\xampp\htdocs\FINAL_PROJECT\system\CodeIgniter.php(368): CodeIgniter\CodeIgniter->handleRequest(NULL, Object(Config\Cache), false)
#9 C:\xampp\htdocs\FINAL_PROJECT\public\index.php(67): CodeIgniter\CodeIgniter->run()
#10 {main}
CRITICAL - 2023-08-02 04:03:58 --> Unable to connect to the database.
Main connection [MySQLi]: No se puede establecer una conexión ya que el equipo de destino denegó expresamente dicha conexión
in SYSTEMPATH\Database\BaseConnection.php on line 427.
 1 SYSTEMPATH\Database\BaseConnection.php(574): CodeIgniter\Database\BaseConnection->initialize()
 2 SYSTEMPATH\Database\BaseBuilder.php(1616): CodeIgniter\Database\BaseConnection->query('SELECT *
FROM `products`', [], false)
 3 SYSTEMPATH\Model.php(241): CodeIgniter\Database\BaseBuilder->get()
 4 SYSTEMPATH\BaseModel.php(618): CodeIgniter\Model->doFindAll(0, 0)
 5 APPPATH\Controllers\Ropas.php(12): CodeIgniter\BaseModel->findAll()
 6 SYSTEMPATH\CodeIgniter.php(934): App\Controllers\Ropas->polos()
 7 SYSTEMPATH\CodeIgniter.php(499): CodeIgniter\CodeIgniter->runController(Object(App\Controllers\Ropas))
 8 SYSTEMPATH\CodeIgniter.php(368): CodeIgniter\CodeIgniter->handleRequest(null, Object(Config\Cache), false)
 9 FCPATH\index.php(67): CodeIgniter\CodeIgniter->run()
ERROR - 2023-08-02 04:04:04 --> Error connecting to the database: mysqli_sql_exception: No se puede establecer una conexión ya que el equipo de destino denegó expresamente dicha conexión in C:\xampp\htdocs\FINAL_PROJECT\system\Database\MySQLi\Connection.php:174
Stack trace:
#0 C:\xampp\htdocs\FINAL_PROJECT\system\Database\MySQLi\Connection.php(174): mysqli->real_connect('localhost', 'root', '', 'mydb', 3307, '', 0)
#1 C:\xampp\htdocs\FINAL_PROJECT\system\Database\BaseConnection.php(391): CodeIgniter\Database\MySQLi\Connection->connect(false)
#2 C:\xampp\htdocs\FINAL_PROJECT\system\Database\BaseConnection.php(574): CodeIgniter\Database\BaseConnection->initialize()
#3 C:\xampp\htdocs\FINAL_PROJECT\system\Database\BaseBuilder.php(1616): CodeIgniter\Database\BaseConnection->query('SELECT *\nFROM `...', Array, false)
#4 C:\xampp\htdocs\FINAL_PROJECT\system\Model.php(241): CodeIgniter\Database\BaseBuilder->get()
#5 C:\xampp\htdocs\FINAL_PROJECT\system\BaseModel.php(618): CodeIgniter\Model->doFindAll(0, 0)
#6 C:\xampp\htdocs\FINAL_PROJECT\app\Controllers\Ropas.php(12): CodeIgniter\BaseModel->findAll()
#7 C:\xampp\htdocs\FINAL_PROJECT\system\CodeIgniter.php(934): App\Controllers\Ropas->polos()
#8 C:\xampp\htdocs\FINAL_PROJECT\system\CodeIgniter.php(499): CodeIgniter\CodeIgniter->runController(Object(App\Controllers\Ropas))
#9 C:\xampp\htdocs\FINAL_PROJECT\system\CodeIgniter.php(368): CodeIgniter\CodeIgniter->handleRequest(NULL, Object(Config\Cache), false)
#10 C:\xampp\htdocs\FINAL_PROJECT\public\index.php(67): CodeIgniter\CodeIgniter->run()
#11 {main}

Next CodeIgniter\Database\Exceptions\DatabaseException: No se puede establecer una conexión ya que el equipo de destino denegó expresamente dicha conexión in C:\xampp\htdocs\FINAL_PROJECT\system\Database\MySQLi\Connection.php:218
Stack trace:
#0 C:\xampp\htdocs\FINAL_PROJECT\system\Database\BaseConnection.php(391): CodeIgniter\Database\MySQLi\Connection->connect(false)
#1 C:\xampp\htdocs\FINAL_PROJECT\system\Database\BaseConnection.php(574): CodeIgniter\Database\BaseConnection->initialize()
#2 C:\xampp\htdocs\FINAL_PROJECT\system\Database\BaseBuilder.php(1616): CodeIgniter\Database\BaseConnection->query('SELECT *\nFROM `...', Array, false)
#3 C:\xampp\htdocs\FINAL_PROJECT\system\Model.php(241): CodeIgniter\Database\BaseBuilder->get()
#4 C:\xampp\htdocs\FINAL_PROJECT\system\BaseModel.php(618): CodeIgniter\Model->doFindAll(0, 0)
#5 C:\xampp\htdocs\FINAL_PROJECT\app\Controllers\Ropas.php(12): CodeIgniter\BaseModel->findAll()
#6 C:\xampp\htdocs\FINAL_PROJECT\system\CodeIgniter.php(934): App\Controllers\Ropas->polos()
#7 C:\xampp\htdocs\FINAL_PROJECT\system\CodeIgniter.php(499): CodeIgniter\CodeIgniter->runController(Object(App\Controllers\Ropas))
#8 C:\xampp\htdocs\FINAL_PROJECT\system\CodeIgniter.php(368): CodeIgniter\CodeIgniter->handleRequest(NULL, Object(Config\Cache), false)
#9 C:\xampp\htdocs\FINAL_PROJECT\public\index.php(67): CodeIgniter\CodeIgniter->run()
#10 {main}
CRITICAL - 2023-08-02 04:04:04 --> Unable to connect to the database.
Main connection [MySQLi]: No se puede establecer una conexión ya que el equipo de destino denegó expresamente dicha conexión
in SYSTEMPATH\Database\BaseConnection.php on line 427.
 1 SYSTEMPATH\Database\BaseConnection.php(574): CodeIgniter\Database\BaseConnection->initialize()
 2 SYSTEMPATH\Database\BaseBuilder.php(1616): CodeIgniter\Database\BaseConnection->query('SELECT *
FROM `products`', [], false)
 3 SYSTEMPATH\Model.php(241): CodeIgniter\Database\BaseBuilder->get()
 4 SYSTEMPATH\BaseModel.php(618): CodeIgniter\Model->doFindAll(0, 0)
 5 APPPATH\Controllers\Ropas.php(12): CodeIgniter\BaseModel->findAll()
 6 SYSTEMPATH\CodeIgniter.php(934): App\Controllers\Ropas->polos()
 7 SYSTEMPATH\CodeIgniter.php(499): CodeIgniter\CodeIgniter->runController(Object(App\Controllers\Ropas))
 8 SYSTEMPATH\CodeIgniter.php(368): CodeIgniter\CodeIgniter->handleRequest(null, Object(Config\Cache), false)
 9 FCPATH\index.php(67): CodeIgniter\CodeIgniter->run()
ERROR - 2023-08-02 04:04:11 --> Error connecting to the database: ErrorException: mysqli::real_connect(): Error while reading greeting packet. PID=6804 in C:\xampp\htdocs\FINAL_PROJECT\system\Database\MySQLi\Connection.php:174
Stack trace:
#0 [internal function]: CodeIgniter\Debug\Exceptions->errorHandler(2, 'mysqli::real_co...', 'C:\\xampp\\htdocs...', 174)
#1 C:\xampp\htdocs\FINAL_PROJECT\system\Database\MySQLi\Connection.php(174): mysqli->real_connect('localhost', 'root', '', 'mydb', 3307, '', 0)
#2 C:\xampp\htdocs\FINAL_PROJECT\system\Database\BaseConnection.php(391): CodeIgniter\Database\MySQLi\Connection->connect(false)
#3 C:\xampp\htdocs\FINAL_PROJECT\system\Database\BaseConnection.php(574): CodeIgniter\Database\BaseConnection->initialize()
#4 C:\xampp\htdocs\FINAL_PROJECT\system\Database\BaseBuilder.php(1616): CodeIgniter\Database\BaseConnection->query('SELECT *\nFROM `...', Array, false)
#5 C:\xampp\htdocs\FINAL_PROJECT\system\Model.php(241): CodeIgniter\Database\BaseBuilder->get()
#6 C:\xampp\htdocs\FINAL_PROJECT\system\BaseModel.php(618): CodeIgniter\Model->doFindAll(0, 0)
#7 C:\xampp\htdocs\FINAL_PROJECT\app\Controllers\Ropas.php(12): CodeIgniter\BaseModel->findAll()
#8 C:\xampp\htdocs\FINAL_PROJECT\system\CodeIgniter.php(934): App\Controllers\Ropas->polos()
#9 C:\xampp\htdocs\FINAL_PROJECT\system\CodeIgniter.php(499): CodeIgniter\CodeIgniter->runController(Object(App\Controllers\Ropas))
#10 C:\xampp\htdocs\FINAL_PROJECT\system\CodeIgniter.php(368): CodeIgniter\CodeIgniter->handleRequest(NULL, Object(Config\Cache), false)
#11 C:\xampp\htdocs\FINAL_PROJECT\public\index.php(67): CodeIgniter\CodeIgniter->run()
#12 {main}

Next mysqli_sql_exception: MySQL server has gone away in C:\xampp\htdocs\FINAL_PROJECT\system\Database\MySQLi\Connection.php:174
Stack trace:
#0 C:\xampp\htdocs\FINAL_PROJECT\system\Database\MySQLi\Connection.php(174): mysqli->real_connect('localhost', 'root', '', 'mydb', 3307, '', 0)
#1 C:\xampp\htdocs\FINAL_PROJECT\system\Database\BaseConnection.php(391): CodeIgniter\Database\MySQLi\Connection->connect(false)
#2 C:\xampp\htdocs\FINAL_PROJECT\system\Database\BaseConnection.php(574): CodeIgniter\Database\BaseConnection->initialize()
#3 C:\xampp\htdocs\FINAL_PROJECT\system\Database\BaseBuilder.php(1616): CodeIgniter\Database\BaseConnection->query('SELECT *\nFROM `...', Array, false)
#4 C:\xampp\htdocs\FINAL_PROJECT\system\Model.php(241): CodeIgniter\Database\BaseBuilder->get()
#5 C:\xampp\htdocs\FINAL_PROJECT\system\BaseModel.php(618): CodeIgniter\Model->doFindAll(0, 0)
#6 C:\xampp\htdocs\FINAL_PROJECT\app\Controllers\Ropas.php(12): CodeIgniter\BaseModel->findAll()
#7 C:\xampp\htdocs\FINAL_PROJECT\system\CodeIgniter.php(934): App\Controllers\Ropas->polos()
#8 C:\xampp\htdocs\FINAL_PROJECT\system\CodeIgniter.php(499): CodeIgniter\CodeIgniter->runController(Object(App\Controllers\Ropas))
#9 C:\xampp\htdocs\FINAL_PROJECT\system\CodeIgniter.php(368): CodeIgniter\CodeIgniter->handleRequest(NULL, Object(Config\Cache), false)
#10 C:\xampp\htdocs\FINAL_PROJECT\public\index.php(67): CodeIgniter\CodeIgniter->run()
#11 {main}

Next CodeIgniter\Database\Exceptions\DatabaseException: MySQL server has gone away in C:\xampp\htdocs\FINAL_PROJECT\system\Database\MySQLi\Connection.php:218
Stack trace:
#0 C:\xampp\htdocs\FINAL_PROJECT\system\Database\BaseConnection.php(391): CodeIgniter\Database\MySQLi\Connection->connect(false)
#1 C:\xampp\htdocs\FINAL_PROJECT\system\Database\BaseConnection.php(574): CodeIgniter\Database\BaseConnection->initialize()
#2 C:\xampp\htdocs\FINAL_PROJECT\system\Database\BaseBuilder.php(1616): CodeIgniter\Database\BaseConnection->query('SELECT *\nFROM `...', Array, false)
#3 C:\xampp\htdocs\FINAL_PROJECT\system\Model.php(241): CodeIgniter\Database\BaseBuilder->get()
#4 C:\xampp\htdocs\FINAL_PROJECT\system\BaseModel.php(618): CodeIgniter\Model->doFindAll(0, 0)
#5 C:\xampp\htdocs\FINAL_PROJECT\app\Controllers\Ropas.php(12): CodeIgniter\BaseModel->findAll()
#6 C:\xampp\htdocs\FINAL_PROJECT\system\CodeIgniter.php(934): App\Controllers\Ropas->polos()
#7 C:\xampp\htdocs\FINAL_PROJECT\system\CodeIgniter.php(499): CodeIgniter\CodeIgniter->runController(Object(App\Controllers\Ropas))
#8 C:\xampp\htdocs\FINAL_PROJECT\system\CodeIgniter.php(368): CodeIgniter\CodeIgniter->handleRequest(NULL, Object(Config\Cache), false)
#9 C:\xampp\htdocs\FINAL_PROJECT\public\index.php(67): CodeIgniter\CodeIgniter->run()
#10 {main}
CRITICAL - 2023-08-02 04:04:11 --> Unable to connect to the database.
Main connection [MySQLi]: MySQL server has gone away
in SYSTEMPATH\Database\BaseConnection.php on line 427.
 1 SYSTEMPATH\Database\BaseConnection.php(574): CodeIgniter\Database\BaseConnection->initialize()
 2 SYSTEMPATH\Database\BaseBuilder.php(1616): CodeIgniter\Database\BaseConnection->query('SELECT *
FROM `products`', [], false)
 3 SYSTEMPATH\Model.php(241): CodeIgniter\Database\BaseBuilder->get()
 4 SYSTEMPATH\BaseModel.php(618): CodeIgniter\Model->doFindAll(0, 0)
 5 APPPATH\Controllers\Ropas.php(12): CodeIgniter\BaseModel->findAll()
 6 SYSTEMPATH\CodeIgniter.php(934): App\Controllers\Ropas->polos()
 7 SYSTEMPATH\CodeIgniter.php(499): CodeIgniter\CodeIgniter->runController(Object(App\Controllers\Ropas))
 8 SYSTEMPATH\CodeIgniter.php(368): CodeIgniter\CodeIgniter->handleRequest(null, Object(Config\Cache), false)
 9 FCPATH\index.php(67): CodeIgniter\CodeIgniter->run()
